[3242] 27 Apr 14:22:48.936 # You requested maxclients of 10000 requiring at least 10032 max file descriptors.
[3242] 27 Apr 14:22:48.936 # Redis can't set maximum open files to 10032 because of OS error: Operation not permitted.
[3242] 27 Apr 14:22:48.936 # Current maximum open files is 1024. maxclients has been reduced to 4064 to compensate for low ulimit. If you need higher maxclients increase 'ulimit -n'.
                _._                                                  
           _.-``__ ''-._                                             
      _.-``    `.  `_.  ''-._           Redis 2.8.17 (00000000/0) 64 bit
  .-`` .-```.  ```\/    _.,_ ''-._                                   
 (    '      ,       .-`  | `,    )     Running in stand alone mode
 |`-._`-...-` __...-.``-._|'` _.-'|     Port: 0
 |    `-._   `._    /     _.-'    |     PID: 3242
  `-._    `-._  `-./  _.-'    _.-'                                   
 |`-._`-._    `-.__.-'    _.-'_.-'|                                  
 |    `-._`-._        _.-'_.-'    |           http://redis.io        
  `-._    `-._`-.__.-'_.-'    _.-'                                   
 |`-._`-._    `-.__.-'    _.-'_.-'|                                  
 |    `-._`-._        _.-'_.-'    |                                  
  `-._    `-._`-.__.-'_.-'    _.-'                                   
      `-._    `-.__.-'    _.-'                                       
          `-._        _.-'                                           
              `-.__.-'                                               

[3242] 27 Apr 14:22:48.937 # Server started, Redis version 2.8.17
[3242] 27 Apr 14:22:48.938 # WARNING overcommit_memory is set to 0! Background save may fail under low memory condition. To fix this issue add 'vm.overcommit_memory = 1' to /etc/sysctl.conf and then reboot or run the command 'sysctl vm.overcommit_memory=1' for this to take effect.
[3242] 27 Apr 14:22:48.938 * The server is now ready to accept connections at /tmp/tmpdRMkQr/redis.socket
[3242] 27 Apr 14:22:49.070 * DB saved on disk
[3242] 27 Apr 14:22:49.120 * DB saved on disk
[3242] 27 Apr 14:22:55.971 # User requested shutdown...
[3242] 27 Apr 14:22:55.971 * Saving the final RDB snapshot before exiting.
[3242] 27 Apr 14:22:56.011 * DB saved on disk
[3242] 27 Apr 14:22:56.011 * Removing the pid file.
[3242] 27 Apr 14:22:56.011 * Removing the unix socket file.
[3242] 27 Apr 14:22:56.011 # Redis is now ready to exit, bye bye...
[3925] 27 Apr 14:23:54.615 # You requested maxclients of 10000 requiring at least 10032 max file descriptors.
[3925] 27 Apr 14:23:54.615 # Redis can't set maximum open files to 10032 because of OS error: Operation not permitted.
[3925] 27 Apr 14:23:54.615 # Current maximum open files is 1024. maxclients has been reduced to 4064 to compensate for low ulimit. If you need higher maxclients increase 'ulimit -n'.
                _._                                                  
           _.-``__ ''-._                                             
      _.-``    `.  `_.  ''-._           Redis 2.8.17 (00000000/0) 64 bit
  .-`` .-```.  ```\/    _.,_ ''-._                                   
 (    '      ,       .-`  | `,    )     Running in stand alone mode
 |`-._`-...-` __...-.``-._|'` _.-'|     Port: 0
 |    `-._   `._    /     _.-'    |     PID: 3925
  `-._    `-._  `-./  _.-'    _.-'                                   
 |`-._`-._    `-.__.-'    _.-'_.-'|                                  
 |    `-._`-._        _.-'_.-'    |           http://redis.io        
  `-._    `-._`-.__.-'_.-'    _.-'                                   
 |`-._`-._    `-.__.-'    _.-'_.-'|                                  
 |    `-._`-._        _.-'_.-'    |                                  
  `-._    `-._`-.__.-'_.-'    _.-'                                   
      `-._    `-.__.-'    _.-'                                       
          `-._        _.-'                                           
              `-.__.-'                                               

[3925] 27 Apr 14:23:54.616 # Server started, Redis version 2.8.17
[3925] 27 Apr 14:23:54.616 # WARNING overcommit_memory is set to 0! Background save may fail under low memory condition. To fix this issue add 'vm.overcommit_memory = 1' to /etc/sysctl.conf and then reboot or run the command 'sysctl vm.overcommit_memory=1' for this to take effect.
[3925] 27 Apr 14:23:54.616 * The server is now ready to accept connections at /tmp/tmp_fza0hwi/redis.socket
[3925] 27 Apr 14:23:54.757 * DB saved on disk
[3925] 27 Apr 14:23:54.807 * DB saved on disk
[3925] 27 Apr 14:24:04.177 # User requested shutdown...
[3925] 27 Apr 14:24:04.177 * Saving the final RDB snapshot before exiting.
[3925] 27 Apr 14:24:04.216 * DB saved on disk
[3925] 27 Apr 14:24:04.216 * Removing the pid file.
[3925] 27 Apr 14:24:04.216 * Removing the unix socket file.
[3925] 27 Apr 14:24:04.216 # Redis is now ready to exit, bye bye...
[4499] 27 Apr 14:25:33.197 # You requested maxclients of 10000 requiring at least 10032 max file descriptors.
[4499] 27 Apr 14:25:33.197 # Redis can't set maximum open files to 10032 because of OS error: Operation not permitted.
[4499] 27 Apr 14:25:33.197 # Current maximum open files is 1024. maxclients has been reduced to 4064 to compensate for low ulimit. If you need higher maxclients increase 'ulimit -n'.
                _._                                                  
           _.-``__ ''-._                                             
      _.-``    `.  `_.  ''-._           Redis 2.8.17 (00000000/0) 64 bit
  .-`` .-```.  ```\/    _.,_ ''-._                                   
 (    '      ,       .-`  | `,    )     Running in stand alone mode
 |`-._`-...-` __...-.``-._|'` _.-'|     Port: 0
 |    `-._   `._    /     _.-'    |     PID: 4499
  `-._    `-._  `-./  _.-'    _.-'                                   
 |`-._`-._    `-.__.-'    _.-'_.-'|                                  
 |    `-._`-._        _.-'_.-'    |           http://redis.io        
  `-._    `-._`-.__.-'_.-'    _.-'                                   
 |`-._`-._    `-.__.-'    _.-'_.-'|                                  
 |    `-._`-._        _.-'_.-'    |                                  
  `-._    `-._`-.__.-'_.-'    _.-'                                   
      `-._    `-.__.-'    _.-'                                       
          `-._        _.-'                                           
              `-.__.-'                                               

[4499] 27 Apr 14:25:33.199 # Server started, Redis version 2.8.17
[4499] 27 Apr 14:25:33.199 # WARNING overcommit_memory is set to 0! Background save may fail under low memory condition. To fix this issue add 'vm.overcommit_memory = 1' to /etc/sysctl.conf and then reboot or run the command 'sysctl vm.overcommit_memory=1' for this to take effect.
[4499] 27 Apr 14:25:33.199 * The server is now ready to accept connections at /tmp/tmpP4md9e/redis.socket
[4499] 27 Apr 14:25:33.333 * DB saved on disk
[4499] 27 Apr 14:25:33.375 * DB saved on disk
[4499] 27 Apr 14:25:34.759 # User requested shutdown...
[4499] 27 Apr 14:25:34.759 * Saving the final RDB snapshot before exiting.
[4499] 27 Apr 14:25:34.799 * DB saved on disk
[4499] 27 Apr 14:25:34.799 * Removing the pid file.
[4499] 27 Apr 14:25:34.799 * Removing the unix socket file.
[4499] 27 Apr 14:25:34.799 # Redis is now ready to exit, bye bye...
[5034] 27 Apr 14:26:08.127 # You requested maxclients of 10000 requiring at least 10032 max file descriptors.
[5034] 27 Apr 14:26:08.127 # Redis can't set maximum open files to 10032 because of OS error: Operation not permitted.
[5034] 27 Apr 14:26:08.128 # Current maximum open files is 1024. maxclients has been reduced to 4064 to compensate for low ulimit. If you need higher maxclients increase 'ulimit -n'.
                _._                                                  
           _.-``__ ''-._                                             
      _.-``    `.  `_.  ''-._           Redis 2.8.17 (00000000/0) 64 bit
  .-`` .-```.  ```\/    _.,_ ''-._                                   
 (    '      ,       .-`  | `,    )     Running in stand alone mode
 |`-._`-...-` __...-.``-._|'` _.-'|     Port: 0
 |    `-._   `._    /     _.-'    |     PID: 5034
  `-._    `-._  `-./  _.-'    _.-'                                   
 |`-._`-._    `-.__.-'    _.-'_.-'|                                  
 |    `-._`-._        _.-'_.-'    |           http://redis.io        
  `-._    `-._`-.__.-'_.-'    _.-'                                   
 |`-._`-._    `-.__.-'    _.-'_.-'|                                  
 |    `-._`-._        _.-'_.-'    |                                  
  `-._    `-._`-.__.-'_.-'    _.-'                                   
      `-._    `-.__.-'    _.-'                                       
          `-._        _.-'                                           
              `-.__.-'                                               

[5034] 27 Apr 14:26:08.129 # Server started, Redis version 2.8.17
[5034] 27 Apr 14:26:08.129 # WARNING overcommit_memory is set to 0! Background save may fail under low memory condition. To fix this issue add 'vm.overcommit_memory = 1' to /etc/sysctl.conf and then reboot or run the command 'sysctl vm.overcommit_memory=1' for this to take effect.
[5034] 27 Apr 14:26:08.129 * The server is now ready to accept connections at /tmp/tmpekoe2g0v/redis.socket
[5034] 27 Apr 14:26:08.272 * DB saved on disk
[5034] 27 Apr 14:26:08.314 * DB saved on disk
[5034] 27 Apr 14:26:09.677 # User requested shutdown...
[5034] 27 Apr 14:26:09.677 * Saving the final RDB snapshot before exiting.
[5034] 27 Apr 14:26:09.716 * DB saved on disk
[5034] 27 Apr 14:26:09.717 * Removing the pid file.
[5034] 27 Apr 14:26:09.717 * Removing the unix socket file.
[5034] 27 Apr 14:26:09.717 # Redis is now ready to exit, bye bye...
